<?xml version="1.0" encoding="UTF-8"?>
<!-- Generated by org.testng.reporters.JUnitReportReporter -->
<testsuite hostname="TYSS-4F-048" name="scripts.LoginTest" tests="1" failures="0" timestamp="14 Apr 2018 06:16:24 GMT" time="27.718" errors="0">
  <testcase name="loginToApp" time="27.718" classname="scripts.LoginTest"/>
</testsuite> <!-- scripts.LoginTest -->
